<?xml version="1.0" encoding="UTF-8"?>
<!-- Generated by org.testng.reporters.JUnitReportReporter -->
<testsuite hostname="Sudheer" name="browserfactory.Browserdriver" tests="2" failures="0" timestamp="30 Mar 2018 18:28:18 GMT" time="32.864" errors="0">
  <testcase name="openbrowser" time="20.347" classname="browserfactory.Browserdriver"/>
  <testcase name="openbrowser" time="12.517" classname="browserfactory.Browserdriver"/>
</testsuite> <!-- browserfactory.Browserdriver -->
